<?xml version="1.0" encoding="UTF-8"?>
<!-- Generated by org.testng.reporters.JUnitReportReporter -->
<testsuite skipped="0" hostname="Sagars-MacBook-Pro.local" name="com.automation.tests.FacebookTestCase" tests="1" failures="0" timestamp="30 Jan 2019 17:57:17 GMT" time="5.895" errors="0">
  <testcase name="loginTest" time="5.895" classname="com.automation.tests.FacebookTestCase"/>
</testsuite> <!-- com.automation.tests.FacebookTestCase -->
